<?xml version="1.0" encoding="UTF-8"?>
<!-- Generated by org.testng.reporters.JUnitReportReporter -->
<testsuite skipped="0" hostname="ip-172-31-91-231" name="test.Testcase1" tests="1" failures="0" timestamp="2021-10-26T03:51:05 UTC" time="0.006" errors="0">
  <testcase name="CarLoanTest" time="0.006" classname="test.Testcase1"/>
  <system-out/>
</testsuite> <!-- test.Testcase1 -->
