<?xml version="1.0" encoding="UTF-8"?>
<!-- Generated by org.testng.reporters.JUnitReportReporter -->
<testsuite skipped="0" hostname="ip-172-31-91-231" name="test.LoginTest" tests="2" failures="0" timestamp="2021-11-29T05:26:11 UTC" time="7.986" errors="0">
  <testcase name="NegativeLogin" time="3.771" classname="test.LoginTest"/>
  <system-out/>
  <testcase name="positiveLogin" time="4.215" classname="test.LoginTest"/>
  <system-out/>
</testsuite> <!-- test.LoginTest -->
